2019-01-16 15:40:24 base.py[line:436] INFO Adding job tentatively -- it will be properly scheduled when the scheduler starts
2019-01-16 15:40:24 base.py[line:436] INFO Adding job tentatively -- it will be properly scheduled when the scheduler starts
2019-01-16 15:40:24 base.py[line:436] INFO Adding job tentatively -- it will be properly scheduled when the scheduler starts
2019-01-16 15:40:24 base.py[line:878] INFO Added job "aps_test" to job store "default"
2019-01-16 15:40:24 base.py[line:878] INFO Added job "aps_test" to job store "default"
2019-01-16 15:40:24 base.py[line:878] INFO Added job "aps_test" to job store "default"
2019-01-16 15:40:24 base.py[line:162] INFO Scheduler started
2019-01-16 15:40:25 base.py[line:123] INFO Running job "aps_test (trigger: cron[second='*/5'], next run at: 2019-01-16 15:40:25 CST)" (scheduled at 2019-01-16 15:40:25+08:00)
2019-01-16 15:40:25 base.py[line:144] INFO Job "aps_test (trigger: cron[second='*/5'], next run at: 2019-01-16 15:40:30 CST)" executed successfully
2019-01-16 15:40:27 base.py[line:123] INFO Running job "aps_test (trigger: interval[0:00:03], next run at: 2019-01-16 15:40:27 CST)" (scheduled at 2019-01-16 15:40:27.402655+08:00)
2019-01-16 15:40:27 base.py[line:144] INFO Job "aps_test (trigger: interval[0:00:03], next run at: 2019-01-16 15:40:30 CST)" executed successfully
2019-01-16 15:40:30 base.py[line:123] INFO Running job "aps_test (trigger: cron[second='*/5'], next run at: 2019-01-16 15:40:30 CST)" (scheduled at 2019-01-16 15:40:30+08:00)
2019-01-16 15:40:30 base.py[line:144] INFO Job "aps_test (trigger: cron[second='*/5'], next run at: 2019-01-16 15:40:35 CST)" executed successfully
2019-01-16 15:40:30 base.py[line:123] INFO Running job "aps_test (trigger: interval[0:00:03], next run at: 2019-01-16 15:40:30 CST)" (scheduled at 2019-01-16 15:40:30.402655+08:00)
2019-01-16 15:40:30 base.py[line:144] INFO Job "aps_test (trigger: interval[0:00:03], next run at: 2019-01-16 15:40:33 CST)" executed successfully
2019-01-16 15:40:33 base.py[line:123] INFO Running job "aps_test (trigger: interval[0:00:03], next run at: 2019-01-16 15:40:33 CST)" (scheduled at 2019-01-16 15:40:33.402655+08:00)
2019-01-16 15:40:33 base.py[line:144] INFO Job "aps_test (trigger: interval[0:00:03], next run at: 2019-01-16 15:40:36 CST)" executed successfully
2019-01-16 15:40:35 base.py[line:123] INFO Running job "aps_test (trigger: cron[second='*/5'], next run at: 2019-01-16 15:40:35 CST)" (scheduled at 2019-01-16 15:40:35+08:00)
2019-01-16 15:40:35 base.py[line:144] INFO Job "aps_test (trigger: cron[second='*/5'], next run at: 2019-01-16 15:40:40 CST)" executed successfully
2019-01-16 15:40:36 base.py[line:123] INFO Running job "aps_test (trigger: date[2019-01-16 15:40:24 CST], next run at: 2019-01-16 15:40:36 CST)" (scheduled at 2019-01-16 15:40:36.297790+08:00)
2019-01-16 15:40:36 base.py[line:624] INFO Removed job bfff9a0999ee475090f35d7dd488c287
2019-01-16 15:40:36 base.py[line:144] INFO Job "aps_test (trigger: date[2019-01-16 15:40:24 CST], next run at: 2019-01-16 15:40:36 CST)" executed successfully
2019-01-16 15:40:36 base.py[line:123] INFO Running job "aps_test (trigger: interval[0:00:03], next run at: 2019-01-16 15:40:36 CST)" (scheduled at 2019-01-16 15:40:36.402655+08:00)
2019-01-16 15:40:36 base.py[line:144] INFO Job "aps_test (trigger: interval[0:00:03], next run at: 2019-01-16 15:40:39 CST)" executed successfully
2019-01-16 15:40:39 base.py[line:123] INFO Running job "aps_test (trigger: interval[0:00:03], next run at: 2019-01-16 15:40:39 CST)" (scheduled at 2019-01-16 15:40:39.402655+08:00)
2019-01-16 15:40:39 base.py[line:144] INFO Job "aps_test (trigger: interval[0:00:03], next run at: 2019-01-16 15:40:42 CST)" executed successfully
2019-01-16 15:40:40 base.py[line:123] INFO Running job "aps_test (trigger: cron[second='*/5'], next run at: 2019-01-16 15:40:40 CST)" (scheduled at 2019-01-16 15:40:40+08:00)
2019-01-16 15:40:40 base.py[line:144] INFO Job "aps_test (trigger: cron[second='*/5'], next run at: 2019-01-16 15:40:40 CST)" executed successfully
2019-01-16 15:40:42 base.py[line:123] INFO Running job "aps_test (trigger: interval[0:00:03], next run at: 2019-01-16 15:40:45 CST)" (scheduled at 2019-01-16 15:40:42.402655+08:00)
2019-01-16 15:40:42 base.py[line:144] INFO Job "aps_test (trigger: interval[0:00:03], next run at: 2019-01-16 15:40:45 CST)" executed successfully
2019-01-16 15:40:45 base.py[line:123] INFO Running job "aps_test (trigger: cron[second='*/5'], next run at: 2019-01-16 15:40:50 CST)" (scheduled at 2019-01-16 15:40:45+08:00)
2019-01-16 15:40:45 base.py[line:144] INFO Job "aps_test (trigger: cron[second='*/5'], next run at: 2019-01-16 15:40:50 CST)" executed successfully
2019-01-16 15:40:45 base.py[line:123] INFO Running job "aps_test (trigger: interval[0:00:03], next run at: 2019-01-16 15:40:48 CST)" (scheduled at 2019-01-16 15:40:45.402655+08:00)
2019-01-16 15:40:45 base.py[line:144] INFO Job "aps_test (trigger: interval[0:00:03], next run at: 2019-01-16 15:40:48 CST)" executed successfully
2019-01-16 15:40:48 base.py[line:123] INFO Running job "aps_test (trigger: interval[0:00:03], next run at: 2019-01-16 15:40:51 CST)" (scheduled at 2019-01-16 15:40:48.402655+08:00)
2019-01-16 15:40:48 base.py[line:144] INFO Job "aps_test (trigger: interval[0:00:03], next run at: 2019-01-16 15:40:51 CST)" executed successfully
